【portal】ERROR 2025-01-02 15:37:14 E:\github_repositories\code_PortalWeb_self\backend\application\utils\exceptions.py:19 发生异常：name 'username' is not defined
【portal】INFO 2025-01-02 15:37:14 E:\github_repositories\code_PortalWeb_self\backend\application\utils\middleware.py:14 path=/exception timer=1.89ms status_code=200
【portal】INFO 2025-01-02 17:17:37 E:\github_repositories\code_PortalWeb_self\backend\application\utils\middleware.py:14 path=/ timer=2.00ms status_code=404
【portal】INFO 2025-01-02 17:17:43 E:\github_repositories\code_PortalWeb_self\backend\application\utils\middleware.py:14 path=/docs timer=1.00ms status_code=200
【portal】INFO 2025-01-02 17:17:44 E:\github_repositories\code_PortalWeb_self\backend\application\utils\middleware.py:14 path=/openapi.json timer=3.00ms status_code=200
【portal】INFO 2025-01-02 17:18:38 E:\github_repositories\code_PortalWeb_self\backend\application\utils\middleware.py:14 path=/docs timer=0.00ms status_code=200
【portal】INFO 2025-01-02 17:18:39 E:\github_repositories\code_PortalWeb_self\backend\application\utils\middleware.py:14 path=/openapi.json timer=0.00ms status_code=200
【portal】INFO 2025-01-02 17:18:52 E:\github_repositories\code_PortalWeb_self\backend\application\utils\middleware.py:14 path=/docs/users timer=0.00ms status_code=404
【portal】INFO 2025-01-02 17:19:04 E:\github_repositories\code_PortalWeb_self\backend\application\utils\middleware.py:14 path=/docs timer=1.00ms status_code=200
【portal】INFO 2025-01-02 17:19:04 E:\github_repositories\code_PortalWeb_self\backend\application\utils\middleware.py:14 path=/openapi.json timer=5.00ms status_code=200
【portal】INFO 2025-01-02 17:22:27 E:\github_repositories\code_PortalWeb_self\backend\application\utils\middleware.py:14 path=/docs timer=1.00ms status_code=200
【portal】INFO 2025-01-02 17:22:27 E:\github_repositories\code_PortalWeb_self\backend\application\utils\middleware.py:14 path=/openapi.json timer=0.52ms status_code=200
【portal】INFO 2025-01-02 17:22:40 E:\github_repositories\code_PortalWeb_self\backend\application\utils\middleware.py:14 path=/docs timer=1.00ms status_code=200
【portal】INFO 2025-01-02 17:22:40 E:\github_repositories\code_PortalWeb_self\backend\application\utils\middleware.py:14 path=/openapi.json timer=2.99ms status_code=200
【portal】INFO 2025-01-02 17:22:56 E:\github_repositories\code_PortalWeb_self\backend\application\utils\middleware.py:14 path=/docs timer=0.00ms status_code=200
【portal】INFO 2025-01-02 17:22:56 E:\github_repositories\code_PortalWeb_self\backend\application\utils\middleware.py:14 path=/openapi.json timer=0.00ms status_code=200
【portal】INFO 2025-01-02 17:23:07 E:\github_repositories\code_PortalWeb_self\backend\application\utils\middleware.py:14 path=/docs timer=1.00ms status_code=200
【portal】INFO 2025-01-02 17:23:07 E:\github_repositories\code_PortalWeb_self\backend\application\utils\middleware.py:14 path=/openapi.json timer=8.00ms status_code=200
【portal】INFO 2025-01-02 17:23:45 E:\github_repositories\code_PortalWeb_self\backend\application\utils\middleware.py:14 path=/docs timer=0.00ms status_code=200
【portal】INFO 2025-01-02 17:23:45 E:\github_repositories\code_PortalWeb_self\backend\application\utils\middleware.py:14 path=/openapi.json timer=6.00ms status_code=200
【portal】INFO 2025-01-02 17:26:34 E:\github_repositories\code_PortalWeb_self\backend\application\utils\middleware.py:14 path=/docs timer=0.00ms status_code=200
【portal】INFO 2025-01-02 17:26:34 E:\github_repositories\code_PortalWeb_self\backend\application\utils\middleware.py:14 path=/openapi.json timer=1.00ms status_code=200
【portal】INFO 2025-01-02 17:27:44 E:\github_repositories\code_PortalWeb_self\backend\application\utils\middleware.py:14 path=/docs timer=0.00ms status_code=200
【portal】INFO 2025-01-02 17:27:44 E:\github_repositories\code_PortalWeb_self\backend\application\utils\middleware.py:14 path=/openapi.json timer=1.00ms status_code=200
【portal】INFO 2025-01-02 17:27:48 E:\github_repositories\code_PortalWeb_self\backend\application\utils\middleware.py:14 path=/docs timer=0.00ms status_code=200
【portal】INFO 2025-01-02 17:27:48 E:\github_repositories\code_PortalWeb_self\backend\application\utils\middleware.py:14 path=/openapi.json timer=1.00ms status_code=200
【portal】INFO 2025-01-02 17:28:38 E:\github_repositories\code_PortalWeb_self\backend\application\utils\middleware.py:14 path=/docs timer=1.01ms status_code=200
【portal】INFO 2025-01-02 17:28:38 E:\github_repositories\code_PortalWeb_self\backend\application\utils\middleware.py:14 path=/openapi.json timer=1.00ms status_code=200
【portal】INFO 2025-01-02 17:28:41 E:\github_repositories\code_PortalWeb_self\backend\application\utils\middleware.py:14 path=/docs timer=0.00ms status_code=200
【portal】INFO 2025-01-02 17:28:41 E:\github_repositories\code_PortalWeb_self\backend\application\utils\middleware.py:14 path=/openapi.json timer=0.00ms status_code=200
【portal】INFO 2025-01-02 17:28:45 E:\github_repositories\code_PortalWeb_self\backend\application\utils\middleware.py:14 path=/docs timer=1.00ms status_code=200
【portal】INFO 2025-01-02 17:28:45 E:\github_repositories\code_PortalWeb_self\backend\application\utils\middleware.py:14 path=/openapi.json timer=7.00ms status_code=200
【portal】INFO 2025-01-02 17:34:46 E:\github_repositories\code_PortalWeb_self\backend\application\utils\middleware.py:14 path=/docs timer=1.00ms status_code=200
【portal】INFO 2025-01-02 17:34:47 E:\github_repositories\code_PortalWeb_self\backend\application\utils\middleware.py:14 path=/openapi.json timer=7.69ms status_code=200
【portal】INFO 2025-01-02 17:36:08 E:\github_repositories\code_PortalWeb_self\backend\application\utils\middleware.py:14 path=/docs timer=0.00ms status_code=200
【portal】INFO 2025-01-02 17:36:08 E:\github_repositories\code_PortalWeb_self\backend\application\utils\middleware.py:14 path=/openapi.json timer=11.00ms status_code=200
【portal】INFO 2025-01-02 17:36:12 E:\github_repositories\code_PortalWeb_self\backend\application\utils\middleware.py:14 path=/users/register timer=387.27ms status_code=200
【portal】INFO 2025-01-02 17:38:13 E:\github_repositories\code_PortalWeb_self\backend\application\utils\middleware.py:14 path=/docs timer=0.00ms status_code=200
【portal】INFO 2025-01-02 17:38:13 E:\github_repositories\code_PortalWeb_self\backend\application\utils\middleware.py:14 path=/openapi.json timer=1.00ms status_code=200
【portal】INFO 2025-01-02 17:38:52 E:\github_repositories\code_PortalWeb_self\backend\application\utils\middleware.py:14 path=/redoc timer=1.00ms status_code=200
【portal】INFO 2025-01-02 17:38:53 E:\github_repositories\code_PortalWeb_self\backend\application\utils\middleware.py:14 path=/openapi.json timer=1.00ms status_code=200
【portal】INFO 2025-01-02 17:40:05 E:\github_repositories\code_PortalWeb_self\backend\application\utils\middleware.py:14 path=/docs timer=1.00ms status_code=200
【portal】INFO 2025-01-02 17:40:05 E:\github_repositories\code_PortalWeb_self\backend\application\utils\middleware.py:14 path=/openapi.json timer=0.00ms status_code=200
【portal】INFO 2025-01-02 17:47:10 E:\github_repositories\code_PortalWeb_self\backend\application\utils\middleware.py:14 path=/docs timer=0.00ms status_code=200
【portal】INFO 2025-01-02 17:47:10 E:\github_repositories\code_PortalWeb_self\backend\application\utils\middleware.py:14 path=/openapi.json timer=8.00ms status_code=200
【portal】INFO 2025-01-02 17:47:30 E:\github_repositories\code_PortalWeb_self\backend\application\utils\middleware.py:14 path=/docs timer=0.00ms status_code=200
【portal】INFO 2025-01-02 17:47:30 E:\github_repositories\code_PortalWeb_self\backend\application\utils\middleware.py:14 path=/openapi.json timer=1.00ms status_code=200
【portal】INFO 2025-01-02 17:47:41 E:\github_repositories\code_PortalWeb_self\backend\application\utils\middleware.py:14 path=/docs timer=0.98ms status_code=200
【portal】INFO 2025-01-02 17:47:41 E:\github_repositories\code_PortalWeb_self\backend\application\utils\middleware.py:14 path=/openapi.json timer=7.00ms status_code=200
【portal】INFO 2025-01-02 17:48:18 E:\github_repositories\code_PortalWeb_self\backend\application\utils\middleware.py:14 path=/docs timer=0.00ms status_code=200
【portal】INFO 2025-01-02 17:48:18 E:\github_repositories\code_PortalWeb_self\backend\application\utils\middleware.py:14 path=/openapi.json timer=8.00ms status_code=200
【portal】INFO 2025-01-02 17:49:08 E:\github_repositories\code_PortalWeb_self\backend\application\utils\middleware.py:14 path=/docs timer=0.00ms status_code=200
【portal】INFO 2025-01-02 17:49:08 E:\github_repositories\code_PortalWeb_self\backend\application\utils\middleware.py:14 path=/openapi.json timer=0.00ms status_code=200
【portal】INFO 2025-01-02 17:49:40 E:\github_repositories\code_PortalWeb_self\backend\application\utils\middleware.py:14 path=/docs timer=1.04ms status_code=200
【portal】INFO 2025-01-02 17:49:40 E:\github_repositories\code_PortalWeb_self\backend\application\utils\middleware.py:14 path=/openapi.json timer=1.00ms status_code=200
【portal】INFO 2025-01-02 17:49:41 E:\github_repositories\code_PortalWeb_self\backend\application\utils\middleware.py:14 path=/docs timer=0.00ms status_code=200
【portal】INFO 2025-01-02 17:49:42 E:\github_repositories\code_PortalWeb_self\backend\application\utils\middleware.py:14 path=/openapi.json timer=0.00ms status_code=200
【portal】INFO 2025-01-02 17:49:56 E:\github_repositories\code_PortalWeb_self\backend\application\utils\middleware.py:14 path=/docs timer=0.00ms status_code=200
【portal】INFO 2025-01-02 17:49:57 E:\github_repositories\code_PortalWeb_self\backend\application\utils\middleware.py:14 path=/openapi.json timer=6.00ms status_code=200
【portal】INFO 2025-01-02 17:50:06 E:\github_repositories\code_PortalWeb_self\backend\application\utils\middleware.py:14 path=/users/login timer=1.99ms status_code=200
【portal】INFO 2025-01-02 17:51:05 E:\github_repositories\code_PortalWeb_self\backend\application\utils\middleware.py:14 path=/docs timer=0.65ms status_code=200
【portal】INFO 2025-01-02 17:51:05 E:\github_repositories\code_PortalWeb_self\backend\application\utils\middleware.py:14 path=/openapi.json timer=1.00ms status_code=200
【portal】INFO 2025-01-02 17:51:13 E:\github_repositories\code_PortalWeb_self\backend\application\utils\middleware.py:14 path=/docs timer=0.00ms status_code=200
【portal】INFO 2025-01-02 17:51:13 E:\github_repositories\code_PortalWeb_self\backend\application\utils\middleware.py:14 path=/openapi.json timer=0.00ms status_code=200
【portal】INFO 2025-01-02 17:51:27 E:\github_repositories\code_PortalWeb_self\backend\application\utils\middleware.py:14 path=/docs timer=0.00ms status_code=200
【portal】INFO 2025-01-02 17:51:27 E:\github_repositories\code_PortalWeb_self\backend\application\utils\middleware.py:14 path=/openapi.json timer=7.00ms status_code=200
【portal】INFO 2025-01-02 17:51:36 E:\github_repositories\code_PortalWeb_self\backend\application\utils\middleware.py:14 path=/users/login timer=489.63ms status_code=200
【portal】ERROR 2025-01-02 17:51:42 E:\github_repositories\code_PortalWeb_self\backend\application\utils\exceptions.py:19 发生异常：当前用户不存在！
【portal】INFO 2025-01-02 17:51:42 E:\github_repositories\code_PortalWeb_self\backend\application\utils\middleware.py:14 path=/users/login timer=10.97ms status_code=200
【portal】ERROR 2025-01-02 17:51:52 E:\github_repositories\code_PortalWeb_self\backend\application\utils\exceptions.py:19 发生异常：当前账号或密码错误！
【portal】INFO 2025-01-02 17:51:52 E:\github_repositories\code_PortalWeb_self\backend\application\utils\middleware.py:14 path=/users/login timer=14.97ms status_code=200
【portal】ERROR 2025-01-02 17:51:58 E:\github_repositories\code_PortalWeb_self\backend\application\utils\exceptions.py:19 发生异常：当前账号或密码错误！
【portal】INFO 2025-01-02 17:51:58 E:\github_repositories\code_PortalWeb_self\backend\application\utils\middleware.py:14 path=/users/login timer=12.00ms status_code=200
【portal】INFO 2025-01-02 17:52:21 E:\github_repositories\code_PortalWeb_self\backend\application\utils\middleware.py:14 path=/docs timer=1.00ms status_code=200
【portal】INFO 2025-01-02 17:52:22 E:\github_repositories\code_PortalWeb_self\backend\application\utils\middleware.py:14 path=/openapi.json timer=1.00ms status_code=200
【portal】INFO 2025-01-02 17:52:34 E:\github_repositories\code_PortalWeb_self\backend\application\utils\middleware.py:14 path=/docs timer=0.00ms status_code=200
【portal】INFO 2025-01-02 17:52:34 E:\github_repositories\code_PortalWeb_self\backend\application\utils\middleware.py:14 path=/openapi.json timer=1.00ms status_code=200
【portal】INFO 2025-01-02 17:53:12 E:\github_repositories\code_PortalWeb_self\backend\application\utils\middleware.py:14 path=/docs timer=0.00ms status_code=200
【portal】INFO 2025-01-02 17:53:12 E:\github_repositories\code_PortalWeb_self\backend\application\utils\middleware.py:14 path=/openapi.json timer=0.00ms status_code=200
【portal】INFO 2025-01-02 17:53:14 E:\github_repositories\code_PortalWeb_self\backend\application\utils\middleware.py:14 path=/docs timer=0.00ms status_code=200
【portal】INFO 2025-01-02 17:53:14 E:\github_repositories\code_PortalWeb_self\backend\application\utils\middleware.py:14 path=/openapi.json timer=1.00ms status_code=200
【portal】INFO 2025-01-02 17:53:20 E:\github_repositories\code_PortalWeb_self\backend\application\utils\middleware.py:14 path=/docs timer=1.00ms status_code=200
【portal】INFO 2025-01-02 17:53:20 E:\github_repositories\code_PortalWeb_self\backend\application\utils\middleware.py:14 path=/openapi.json timer=1.00ms status_code=200
【portal】INFO 2025-01-02 17:53:31 E:\github_repositories\code_PortalWeb_self\backend\application\utils\middleware.py:14 path=/docs timer=0.92ms status_code=200
【portal】INFO 2025-01-02 17:53:31 E:\github_repositories\code_PortalWeb_self\backend\application\utils\middleware.py:14 path=/openapi.json timer=6.00ms status_code=200
【portal】INFO 2025-01-02 17:53:46 E:\github_repositories\code_PortalWeb_self\backend\application\utils\middleware.py:14 path=/docs timer=1.03ms status_code=200
【portal】INFO 2025-01-02 17:53:46 E:\github_repositories\code_PortalWeb_self\backend\application\utils\middleware.py:14 path=/openapi.json timer=0.00ms status_code=200
【portal】INFO 2025-01-02 18:04:17 E:\github_repositories\code_PortalWeb_self\backend\application\utils\middleware.py:14 path=/docs timer=0.52ms status_code=200
【portal】INFO 2025-01-02 18:04:17 E:\github_repositories\code_PortalWeb_self\backend\application\utils\middleware.py:14 path=/openapi.json timer=12.00ms status_code=200
【portal】INFO 2025-01-02 18:05:20 E:\github_repositories\code_PortalWeb_self\backend\application\utils\middleware.py:14 path=/docs timer=0.00ms status_code=200
【portal】INFO 2025-01-02 18:05:20 E:\github_repositories\code_PortalWeb_self\backend\application\utils\middleware.py:14 path=/openapi.json timer=1.00ms status_code=200
【portal】INFO 2025-01-02 18:05:37 E:\github_repositories\code_PortalWeb_self\backend\application\utils\middleware.py:14 path=/docs timer=1.00ms status_code=200
【portal】INFO 2025-01-02 18:05:37 E:\github_repositories\code_PortalWeb_self\backend\application\utils\middleware.py:14 path=/openapi.json timer=0.00ms status_code=200
【portal】INFO 2025-01-02 18:07:25 E:\github_repositories\code_PortalWeb_self\backend\application\utils\middleware.py:14 path=/docs timer=1.00ms status_code=200
【portal】INFO 2025-01-02 18:07:25 E:\github_repositories\code_PortalWeb_self\backend\application\utils\middleware.py:14 path=/openapi.json timer=7.72ms status_code=200
【portal】INFO 2025-01-02 18:08:33 E:\github_repositories\code_PortalWeb_self\backend\application\utils\middleware.py:14 path=/redoc timer=0.00ms status_code=200
【portal】INFO 2025-01-02 18:08:33 E:\github_repositories\code_PortalWeb_self\backend\application\utils\middleware.py:14 path=/openapi.json timer=1.00ms status_code=200
【portal】INFO 2025-01-02 18:17:26 E:\github_repositories\code_PortalWeb_self\backend\application\utils\middleware.py:14 path=/docs timer=0.52ms status_code=200
【portal】INFO 2025-01-02 18:17:26 E:\github_repositories\code_PortalWeb_self\backend\application\utils\middleware.py:14 path=/openapi.json timer=10.00ms status_code=200
【portal】INFO 2025-01-02 18:17:29 E:\github_repositories\code_PortalWeb_self\backend\application\utils\middleware.py:14 path=/redoc timer=0.00ms status_code=200
【portal】INFO 2025-01-02 18:17:29 E:\github_repositories\code_PortalWeb_self\backend\application\utils\middleware.py:14 path=/openapi.json timer=0.00ms status_code=200
【portal】INFO 2025-01-02 18:17:58 E:\github_repositories\code_PortalWeb_self\backend\application\utils\middleware.py:14 path=/redoc timer=1.00ms status_code=200
【portal】INFO 2025-01-02 18:17:58 E:\github_repositories\code_PortalWeb_self\backend\application\utils\middleware.py:14 path=/openapi.json timer=0.00ms status_code=200
【portal】INFO 2025-01-02 18:18:07 E:\github_repositories\code_PortalWeb_self\backend\application\utils\middleware.py:14 path=/redoc timer=1.00ms status_code=200
【portal】INFO 2025-01-02 18:18:07 E:\github_repositories\code_PortalWeb_self\backend\application\utils\middleware.py:14 path=/openapi.json timer=10.19ms status_code=200
【portal】INFO 2025-01-02 18:18:23 E:\github_repositories\code_PortalWeb_self\backend\application\utils\middleware.py:14 path=/redoc timer=0.00ms status_code=200
【portal】INFO 2025-01-02 18:18:23 E:\github_repositories\code_PortalWeb_self\backend\application\utils\middleware.py:14 path=/openapi.json timer=1.00ms status_code=200
【portal】INFO 2025-01-02 18:18:39 E:\github_repositories\code_PortalWeb_self\backend\application\utils\middleware.py:14 path=/redoc timer=1.00ms status_code=200
【portal】INFO 2025-01-02 18:18:40 E:\github_repositories\code_PortalWeb_self\backend\application\utils\middleware.py:14 path=/openapi.json timer=8.00ms status_code=200
【portal】INFO 2025-01-02 18:18:50 E:\github_repositories\code_PortalWeb_self\backend\application\utils\middleware.py:14 path=/redoc timer=0.00ms status_code=200
【portal】INFO 2025-01-02 18:18:50 E:\github_repositories\code_PortalWeb_self\backend\application\utils\middleware.py:14 path=/openapi.json timer=0.00ms status_code=200
【portal】INFO 2025-01-02 18:21:08 E:\github_repositories\code_PortalWeb_self\backend\application\utils\middleware.py:14 path=/docs timer=0.00ms status_code=200
【portal】INFO 2025-01-02 18:21:09 E:\github_repositories\code_PortalWeb_self\backend\application\utils\middleware.py:14 path=/openapi.json timer=1.00ms status_code=200
【portal】INFO 2025-01-02 18:21:13 E:\github_repositories\code_PortalWeb_self\backend\application\utils\middleware.py:14 path=/users/login timer=365.63ms status_code=200
【portal】INFO 2025-01-02 18:21:35 E:\github_repositories\code_PortalWeb_self\backend\application\utils\middleware.py:14 path=/docs timer=1.00ms status_code=200
【portal】INFO 2025-01-02 18:21:35 E:\github_repositories\code_PortalWeb_self\backend\application\utils\middleware.py:14 path=/openapi.json timer=11.00ms status_code=200
【portal】INFO 2025-01-02 18:21:39 E:\github_repositories\code_PortalWeb_self\backend\application\utils\middleware.py:14 path=/users/login timer=394.08ms status_code=200
【portal】INFO 2025-01-02 18:21:44 E:\github_repositories\code_PortalWeb_self\backend\application\utils\middleware.py:14 path=/docs timer=1.00ms status_code=200
【portal】INFO 2025-01-02 18:21:44 E:\github_repositories\code_PortalWeb_self\backend\application\utils\middleware.py:14 path=/openapi.json timer=0.00ms status_code=200
【portal】INFO 2025-01-02 18:21:47 E:\github_repositories\code_PortalWeb_self\backend\application\utils\middleware.py:14 path=/users/login timer=8.03ms status_code=200
【portal】INFO 2025-01-02 18:21:59 E:\github_repositories\code_PortalWeb_self\backend\application\utils\middleware.py:14 path=/docs timer=0.00ms status_code=200
【portal】INFO 2025-01-02 18:21:59 E:\github_repositories\code_PortalWeb_self\backend\application\utils\middleware.py:14 path=/openapi.json timer=8.00ms status_code=200
【portal】INFO 2025-01-02 18:22:03 E:\github_repositories\code_PortalWeb_self\backend\application\utils\middleware.py:14 path=/users/login timer=376.90ms status_code=200
【portal】INFO 2025-01-02 18:23:42 E:\github_repositories\code_PortalWeb_self\backend\application\utils\middleware.py:14 path=/docs timer=1.00ms status_code=200
【portal】INFO 2025-01-02 18:23:42 E:\github_repositories\code_PortalWeb_self\backend\application\utils\middleware.py:14 path=/openapi.json timer=10.52ms status_code=200
【portal】INFO 2025-01-02 18:23:45 E:\github_repositories\code_PortalWeb_self\backend\application\utils\middleware.py:14 path=/users/login timer=384.61ms status_code=200
【portal】INFO 2025-01-02 18:23:49 E:\github_repositories\code_PortalWeb_self\backend\application\utils\middleware.py:14 path=/docs timer=0.00ms status_code=200
【portal】INFO 2025-01-02 18:23:49 E:\github_repositories\code_PortalWeb_self\backend\application\utils\middleware.py:14 path=/docs timer=0.00ms status_code=200
【portal】INFO 2025-01-02 18:23:50 E:\github_repositories\code_PortalWeb_self\backend\application\utils\middleware.py:14 path=/openapi.json timer=1.00ms status_code=200
【portal】INFO 2025-01-02 18:23:52 E:\github_repositories\code_PortalWeb_self\backend\application\utils\middleware.py:14 path=/users/login timer=9.00ms status_code=200
【portal】INFO 2025-01-02 18:24:31 E:\github_repositories\code_PortalWeb_self\backend\application\utils\middleware.py:14 path=/docs timer=1.97ms status_code=200
【portal】INFO 2025-01-02 18:24:32 E:\github_repositories\code_PortalWeb_self\backend\application\utils\middleware.py:14 path=/openapi.json timer=13.00ms status_code=200
【portal】INFO 2025-01-02 18:32:11 E:\github_repositories\code_PortalWeb_self\backend\application\utils\middleware.py:14 path=/ timer=3.00ms status_code=404
【portal】INFO 2025-01-02 18:32:11 E:\github_repositories\code_PortalWeb_self\backend\application\utils\middleware.py:14 path=/favicon.ico timer=1.00ms status_code=404
【portal】INFO 2025-01-02 18:32:17 E:\github_repositories\code_PortalWeb_self\backend\application\utils\middleware.py:14 path=/docs timer=0.00ms status_code=200
【portal】INFO 2025-01-02 18:32:17 E:\github_repositories\code_PortalWeb_self\backend\application\utils\middleware.py:14 path=/openapi.json timer=71.00ms status_code=200
【portal】INFO 2025-01-02 18:47:02 E:\github_repositories\code_PortalWeb_self\backend\application\middleware.py:15 path=/users/login timer=384.27ms status_code=200
【portal】INFO 2025-01-02 18:47:07 E:\github_repositories\code_PortalWeb_self\backend\application\middleware.py:15 path=/users/login timer=9.00ms status_code=200
【portal】INFO 2025-01-02 18:47:09 E:\github_repositories\code_PortalWeb_self\backend\application\middleware.py:15 path=/users/login timer=8.00ms status_code=200
【portal】INFO 2025-01-02 18:47:42 E:\github_repositories\code_PortalWeb_self\backend\application\middleware.py:15 path=/users/login timer=350.74ms status_code=200
【portal】INFO 2025-01-02 18:49:27 E:\github_repositories\code_PortalWeb_self\backend\application\middleware.py:17 path=/users/login timer=331.04ms status_code=200
【portal】INFO 2025-01-02 18:49:32 E:\github_repositories\code_PortalWeb_self\backend\application\middleware.py:17 path=/docs timer=0.00ms status_code=200
【portal】INFO 2025-01-02 18:49:32 E:\github_repositories\code_PortalWeb_self\backend\application\middleware.py:17 path=/openapi.json timer=7.00ms status_code=200
【portal】INFO 2025-01-02 18:49:35 E:\github_repositories\code_PortalWeb_self\backend\application\middleware.py:17 path=/users/login timer=7.99ms status_code=200
【portal】INFO 2025-01-02 18:49:36 E:\github_repositories\code_PortalWeb_self\backend\application\middleware.py:17 path=/users/login timer=17.00ms status_code=200
【portal】INFO 2025-01-02 18:50:06 E:\github_repositories\code_PortalWeb_self\backend\application\middleware.py:17 path=/docs timer=1.00ms status_code=200
【portal】INFO 2025-01-02 18:50:06 E:\github_repositories\code_PortalWeb_self\backend\application\middleware.py:17 path=/openapi.json timer=10.68ms status_code=200
【portal】INFO 2025-01-02 18:50:09 E:\github_repositories\code_PortalWeb_self\backend\application\middleware.py:17 path=/users/login timer=344.93ms status_code=200
【portal】INFO 2025-01-02 18:50:35 E:\github_repositories\code_PortalWeb_self\backend\application\middleware.py:18 path=/users/login timer=354.62ms status_code=200
【portal】INFO 2025-01-02 18:50:37 E:\github_repositories\code_PortalWeb_self\backend\application\middleware.py:18 path=/docs timer=0.00ms status_code=200
【portal】INFO 2025-01-02 18:50:37 E:\github_repositories\code_PortalWeb_self\backend\application\middleware.py:18 path=/openapi.json timer=12.00ms status_code=200
【portal】INFO 2025-01-02 18:50:41 E:\github_repositories\code_PortalWeb_self\backend\application\middleware.py:18 path=/users/login timer=9.00ms status_code=200
【portal】INFO 2025-01-02 18:50:42 E:\github_repositories\code_PortalWeb_self\backend\application\middleware.py:18 path=/users/login timer=9.00ms status_code=200
【portal】INFO 2025-01-02 18:52:49 E:\github_repositories\code_PortalWeb_self\backend\application\middleware.py:18 path=/docs timer=0.00ms status_code=200
【portal】INFO 2025-01-02 18:52:50 E:\github_repositories\code_PortalWeb_self\backend\application\middleware.py:18 path=/openapi.json timer=6.00ms status_code=200
【portal】INFO 2025-01-02 18:52:53 E:\github_repositories\code_PortalWeb_self\backend\application\middleware.py:18 path=/users/login timer=357.05ms status_code=200
【portal】INFO 2025-01-03 09:34:39 E:\github_repositories\code_PortalWeb_self\backend\application\middleware.py:18 path=/openapi.json timer=8.96ms status_code=200
【portal】INFO 2025-01-03 09:34:51 E:\github_repositories\code_PortalWeb_self\backend\application\middleware.py:18 path=/redoc timer=1.00ms status_code=200
【portal】INFO 2025-01-03 09:34:51 E:\github_repositories\code_PortalWeb_self\backend\application\middleware.py:18 path=/openapi.json timer=0.00ms status_code=200
【portal】INFO 2025-01-03 10:44:56 E:\github_repositories\code_PortalWeb_self\backend\application\middleware.py:18 path=/docs timer=0.00ms status_code=200
【portal】INFO 2025-01-03 10:44:56 E:\github_repositories\code_PortalWeb_self\backend\application\middleware.py:18 path=/openapi.json timer=0.00ms status_code=200
【portal】INFO 2025-01-03 10:45:08 E:\github_repositories\code_PortalWeb_self\backend\application\middleware.py:18 path=/docs timer=0.00ms status_code=200
【portal】INFO 2025-01-03 10:45:08 E:\github_repositories\code_PortalWeb_self\backend\application\middleware.py:18 path=/openapi.json timer=0.00ms status_code=200
【portal】INFO 2025-01-03 10:45:18 E:\github_repositories\code_PortalWeb_self\backend\application\middleware.py:18 path=/docs timer=1.03ms status_code=200
【portal】INFO 2025-01-03 10:45:18 E:\github_repositories\code_PortalWeb_self\backend\application\middleware.py:18 path=/openapi.json timer=9.00ms status_code=200
【portal】INFO 2025-01-03 10:45:33 E:\github_repositories\code_PortalWeb_self\backend\application\middleware.py:18 path=/docs timer=0.00ms status_code=200
【portal】INFO 2025-01-03 10:45:33 E:\github_repositories\code_PortalWeb_self\backend\application\middleware.py:18 path=/openapi.json timer=8.03ms status_code=200
【portal】INFO 2025-01-03 10:46:16 E:\github_repositories\code_PortalWeb_self\backend\application\middleware.py:18 path=/docs timer=0.00ms status_code=200
【portal】INFO 2025-01-03 10:46:16 E:\github_repositories\code_PortalWeb_self\backend\application\middleware.py:18 path=/openapi.json timer=0.00ms status_code=200
【portal】INFO 2025-01-03 10:46:18 E:\github_repositories\code_PortalWeb_self\backend\application\middleware.py:18 path=/docs timer=0.00ms status_code=200
【portal】INFO 2025-01-03 10:46:18 E:\github_repositories\code_PortalWeb_self\backend\application\middleware.py:18 path=/openapi.json timer=1.00ms status_code=200
【portal】INFO 2025-01-03 10:46:19 E:\github_repositories\code_PortalWeb_self\backend\application\middleware.py:18 path=/docs timer=0.00ms status_code=200
【portal】INFO 2025-01-03 10:46:19 E:\github_repositories\code_PortalWeb_self\backend\application\middleware.py:18 path=/openapi.json timer=0.00ms status_code=200
【portal】INFO 2025-01-03 10:46:28 E:\github_repositories\code_PortalWeb_self\backend\application\middleware.py:18 path=/docs timer=1.00ms status_code=200
【portal】INFO 2025-01-03 10:46:28 E:\github_repositories\code_PortalWeb_self\backend\application\middleware.py:18 path=/openapi.json timer=7.00ms status_code=200
【portal】INFO 2025-01-03 10:46:55 E:\github_repositories\code_PortalWeb_self\backend\application\middleware.py:18 path=/docs timer=0.00ms status_code=200
【portal】INFO 2025-01-03 10:46:55 E:\github_repositories\code_PortalWeb_self\backend\application\middleware.py:18 path=/openapi.json timer=7.00ms status_code=200
